<?xml version="1.0" encoding="UTF-8"?>
<!-- Generated by org.testng.reporters.JUnitXMLReporter -->
<testsuite ignored="2" hostname="DESKTOP-S427SE2" failures="0" tests="1" name="Default test" time="25.254" errors="0" timestamp="2024-10-03T04:10:17 IST">
  <testcase classname="test.UserCreationTest" name="tagToggleEdit" time="13.828"/>
  <testcase classname="test.BrowserConfiguration" name="@BeforeTest initsetup" time="0.0">
    <ignored/>
  </testcase> <!-- @BeforeTest initsetup -->
  <testcase classname="test.BrowserConfiguration" name="@AfterTest close" time="0.0">
    <ignored/>
  </testcase> <!-- @AfterTest close -->
</testsuite> <!-- Default test -->
