<?xml version="1.0" encoding="UTF-8"?>
<!-- Generated by org.testng.reporters.JUnitXMLReporter -->
<testsuite ignored="1" hostname="DESKTOP-S427SE2" failures="0" tests="1" name="Default test" time="30.877" errors="0" timestamp="2024-09-28T23:29:24 IST">
  <testcase classname="test.UserCreationTest" name="createNewUser" time="15.46"/>
  <testcase classname="test.BrowserConfiguration" name="@BeforeTest initsetup" time="0.0">
    <ignored/>
  </testcase> <!-- @BeforeTest initsetup -->
</testsuite> <!-- Default test -->
