<?xml version="1.0" encoding="UTF-8"?>
<testng-results ignored="0" total="1" passed="1" failed="0" skipped="0">
  <reporter-output>
  </reporter-output>
  <suite started-at="2024-10-03T04:09:52 IST" name="Default suite" finished-at="2024-10-03T04:10:17 IST" duration-ms="25254">
    <groups>
    </groups>
    <test started-at="2024-10-03T04:09:52 IST" name="Default test" finished-at="2024-10-03T04:10:17 IST" duration-ms="25254">
      <class name="test.BrowserConfiguration">
        <test-method is-config="true" signature="initsetup()[pri:0, instance:test.BrowserConfiguration@dd05255]" started-at="2024-10-03T04:09:52 IST" name="initsetup" finished-at="2024-10-03T04:10:02 IST" duration-ms="10881" status="PASS">
          <reporter-output>
          </reporter-output>
        </test-method> <!-- initsetup -->
        <test-method is-config="true" signature="close()[pri:0, instance:test.BrowserConfiguration@dd05255]" started-at="2024-10-03T04:10:16 IST" name="close" finished-at="2024-10-03T04:10:17 IST" duration-ms="456" status="PASS">
          <reporter-output>
          </reporter-output>
        </test-method> <!-- close -->
      </class> <!-- test.BrowserConfiguration -->
      <class name="test.UserCreationTest">
        <test-method is-config="true" signature="setDriver(org.testng.ITestContext)[pri:0, instance:test.UserCreationTest@3cd3e762]" started-at="2024-10-03T04:10:02 IST" name="setDriver" finished-at="2024-10-03T04:10:02 IST" duration-ms="5" status="PASS">
          <params>
            <param index="0">
              <value>
                <![CDATA[org.testng.TestRunner@178270b2]]>
              </value>
            </param>
          </params>
          <reporter-output>
          </reporter-output>
        </test-method> <!-- setDriver -->
        <test-method signature="tagToggleEdit()[pri:0, instance:test.UserCreationTest@3cd3e762]" started-at="2024-10-03T04:10:02 IST" name="tagToggleEdit" finished-at="2024-10-03T04:10:16 IST" duration-ms="13828" status="PASS">
          <reporter-output>
          </reporter-output>
        </test-method> <!-- tagToggleEdit -->
      </class> <!-- test.UserCreationTest -->
    </test> <!-- Default test -->
  </suite> <!-- Default suite -->
</testng-results>
