<?xml version="1.0" encoding="UTF-8"?>
<testng-results ignored="0" total="1" passed="1" failed="0" skipped="0">
  <reporter-output>
  </reporter-output>
  <suite started-at="2024-09-28T23:28:53 IST" name="Default suite" finished-at="2024-09-28T23:29:24 IST" duration-ms="30877">
    <groups>
    </groups>
    <test started-at="2024-09-28T23:28:53 IST" name="Default test" finished-at="2024-09-28T23:29:24 IST" duration-ms="30877">
      <class name="test.BrowserConfiguration">
        <test-method is-config="true" signature="initsetup()[pri:0, instance:test.BrowserConfiguration@4c12331b]" started-at="2024-09-28T23:28:53 IST" name="initsetup" finished-at="2024-09-28T23:28:58 IST" duration-ms="4959" status="PASS">
          <reporter-output>
          </reporter-output>
        </test-method> <!-- initsetup -->
      </class> <!-- test.BrowserConfiguration -->
      <class name="test.UserCreationTest">
        <test-method is-config="true" signature="getURL()[pri:0, instance:test.UserCreationTest@f5958c9]" started-at="2024-09-28T23:28:58 IST" name="getURL" finished-at="2024-09-28T23:29:08 IST" duration-ms="10353" status="PASS">
          <reporter-output>
          </reporter-output>
        </test-method> <!-- getURL -->
        <test-method is-config="true" signature="setDriver(org.testng.ITestContext)[pri:0, instance:test.UserCreationTest@f5958c9]" started-at="2024-09-28T23:29:08 IST" name="setDriver" finished-at="2024-09-28T23:29:08 IST" duration-ms="9" status="PASS">
          <params>
            <param index="0">
              <value>
                <![CDATA[org.testng.TestRunner@bc4d5e1]]>
              </value>
            </param>
          </params>
          <reporter-output>
          </reporter-output>
        </test-method> <!-- setDriver -->
        <test-method signature="createNewUser()[pri:0, instance:test.UserCreationTest@f5958c9]" started-at="2024-09-28T23:29:08 IST" name="createNewUser" finished-at="2024-09-28T23:29:24 IST" duration-ms="15460" status="PASS">
          <reporter-output>
          </reporter-output>
        </test-method> <!-- createNewUser -->
      </class> <!-- test.UserCreationTest -->
    </test> <!-- Default test -->
  </suite> <!-- Default suite -->
</testng-results>
